Using pre-set license
Built from '2022.3/release' branch; Version is '2022.3.12f1 (4fe6e059c7ef) revision 5236448'; Using compiler version '192829333'; Build Type 'Release'
OS: 'Windows 11  (10.0.22621) 64bit Core' Language: 'ja' Physical Memory: 32534 MB
BatchMode: 1, IsHumanControllingUs: 0, StartBugReporterOnCrash: 0, Is64bit: 1, IsPro: 1

COMMAND LINE ARGUMENTS:
C:\Program Files\Unity\Hub\Editor\2022.3.12f1\Editor\Unity.exe
-adb2
-batchMode
-noUpm
-name
AssetImportWorker4
-projectPath
C:/Users/shina/Box/å­¦å¤–/GitHub/DRONE-QUEST
-logFile
Logs/AssetImportWorker4.log
-srvPort
62944
Successfully changed project path to: C:/Users/shina/Box/å­¦å¤–/GitHub/DRONE-QUEST
C:/Users/shina/Box/å­¦å¤–/GitHub/DRONE-QUEST
[UnityMemory] Configuration Parameters - Can be set up in boot.config
    "memorysetup-bucket-allocator-granularity=16"
    "memorysetup-bucket-allocator-bucket-count=8"
    "memorysetup-bucket-allocator-block-size=33554432"
    "memorysetup-bucket-allocator-block-count=8"
    "memorysetup-main-allocator-block-size=16777216"
    "memorysetup-thread-allocator-block-size=16777216"
    "memorysetup-gfx-main-allocator-block-size=16777216"
    "memorysetup-gfx-thread-allocator-block-size=16777216"
    "memorysetup-cache-allocator-block-size=4194304"
    "memorysetup-typetree-allocator-block-size=2097152"
    "memorysetup-profiler-bucket-allocator-granularity=16"
    "memorysetup-profiler-bucket-allocator-bucket-count=8"
    "memorysetup-profiler-bucket-allocator-block-size=33554432"
    "memorysetup-profiler-bucket-allocator-block-count=8"
    "memorysetup-profiler-allocator-block-size=16777216"
    "memorysetup-profiler-editor-allocator-block-size=1048576"
    "memorysetup-temp-allocator-size-main=16777216"
    "memorysetup-job-temp-allocator-block-size=2097152"
    "memorysetup-job-temp-allocator-block-size-background=1048576"
    "memorysetup-job-temp-allocator-reduction-small-platforms=262144"
    "memorysetup-allocator-temp-initial-block-size-main=262144"
    "memorysetup-allocator-temp-initial-block-size-worker=262144"
    "memorysetup-temp-allocator-size-background-worker=32768"
    "memorysetup-temp-allocator-size-job-worker=262144"
    "memorysetup-temp-allocator-size-preload-manager=33554432"
    "memorysetup-temp-allocator-size-nav-mesh-worker=65536"
    "memorysetup-temp-allocator-size-audio-worker=65536"
    "memorysetup-temp-allocator-size-cloud-worker=32768"
    "memorysetup-temp-allocator-size-gi-baking-worker=262144"
    "memorysetup-temp-allocator-size-gfx=262144"
Player connection [67768] Host "[IP] 192.168.1.12 [Port] 0 [Flags] 2 [Guid] 133263843 [EditorId] 133263843 [Version] 1048832 [Id] WindowsEditor(7,GALLERIA) [Debug] 1 [PackageName] WindowsEditor [ProjectName] Editor" joined multi-casting on [225.0.0.222:54997]...

Player connection [67768] Host "[IP] 192.168.1.12 [Port] 0 [Flags] 2 [Guid] 133263843 [EditorId] 133263843 [Version] 1048832 [Id] WindowsEditor(7,GALLERIA) [Debug] 1 [PackageName] WindowsEditor [ProjectName] Editor" joined alternative multi-casting on [225.0.0.222:34997]...

[Physics::Module] Initialized MultithreadedJobDispatcher with 19 workers.
Refreshing native plugins compatible for Editor in 2589.46 ms, found 1 plugins.
Preloading 0 native plugins for Editor in 0.00 ms.
Initialize engine version: 2022.3.12f1 (4fe6e059c7ef)
[Subsystems] Discovering subsystems at path C:/Program Files/Unity/Hub/Editor/2022.3.12f1/Editor/Data/Resources/UnitySubsystems
[Subsystems] Discovering subsystems at path C:/Users/shina/Box/å­¦å¤–/GitHub/DRONE-QUEST/Assets
GfxDevice: creating device client; threaded=0; jobified=0
Direct3D:
    Version:  Direct3D 11.0 [level 11.1]
    Renderer: NVIDIA GeForce RTX 3080 (ID=0x2216)
    Vendor:   NVIDIA
    VRAM:     10053 MB
    Driver:   31.0.15.5161
Initialize mono
Mono path[0] = 'C:/Program Files/Unity/Hub/Editor/2022.3.12f1/Editor/Data/Managed'
Mono path[1] = 'C:/Program Files/Unity/Hub/Editor/2022.3.12f1/Editor/Data/MonoBleedingEdge/lib/mono/unityjit-win32'
Mono config path = 'C:/Program Files/Unity/Hub/Editor/2022.3.12f1/Editor/Data/MonoBleedingEdge/etc'
Using monoOptions --debugger-agent=transport=dt_socket,embedding=1,server=y,suspend=n,address=127.0.0.1:56676
Begin MonoManager ReloadAssembly
Registering precompiled unity dll's ...
Register platform support module: C:/Program Files/Unity/Hub/Editor/2022.3.12f1/Editor/Data/PlaybackEngines/WebGLSupport/UnityEditor.WebGL.Extensions.dll
Register platform support module: C:/Program Files/Unity/Hub/Editor/2022.3.12f1/Editor/Data/PlaybackEngines/MacStandaloneSupport/UnityEditor.OSXStandalone.Extensions.dll
Register platform support module: C:/Program Files/Unity/Hub/Editor/2022.3.12f1/Editor/Data/PlaybackEngines/iOSSupport/UnityEditor.iOS.Extensions.dll
Register platform support module: C:/Program Files/Unity/Hub/Editor/2022.3.12f1/Editor/Data/PlaybackEngines/WindowsStandaloneSupport/UnityEditor.WindowsStandalone.Extensions.dll
Registered in 0.016597 seconds.
- Loaded All Assemblies, in  0.313 seconds
Native extension for WindowsStandalone target not found
[usbmuxd] Start listen thread
[usbmuxd] Listen thread started
[usbmuxd] Send listen message
Native extension for iOS target not found
Native extension for OSXStandalone target not found
Native extension for WebGL target not found
Mono: successfully reloaded assembly
- Finished resetting the current domain, in  0.225 seconds
Domain Reload Profiling: 538ms
	BeginReloadAssembly (109ms)
		ExecutionOrderSort (0ms)
		DisableScriptedObjects (0ms)
		BackupInstance (0ms)
		ReleaseScriptingObjects (0ms)
		CreateAndSetChildDomain (1ms)
	RebuildCommonClasses (25ms)
	RebuildNativeTypeToScriptingClass (8ms)
	initialDomainReloadingComplete (59ms)
	LoadAllAssembliesAndSetupDomain (111ms)
		LoadAssemblies (108ms)
		RebuildTransferFunctionScriptingTraits (0ms)
		AnalyzeDomain (109ms)
			TypeCache.Refresh (108ms)
				TypeCache.ScanAssembly (98ms)
			ScanForSourceGeneratedMonoScriptInfo (0ms)
			ResolveRequiredComponents (0ms)
	FinalizeReload (226ms)
		ReleaseScriptCaches (0ms)
		RebuildScriptCaches (0ms)
		SetupLoadedEditorAssemblies (182ms)
			LogAssemblyErrors (0ms)
			InitializePlatformSupportModulesInManaged (29ms)
			SetLoadedEditorAssemblies (5ms)
			RefreshPlugins (0ms)
			BeforeProcessingInitializeOnLoad (2ms)
			ProcessInitializeOnLoadAttributes (94ms)
			ProcessInitializeOnLoadMethodAttributes (52ms)
			AfterProcessingInitializeOnLoad (0ms)
			EditorAssembliesLoaded (0ms)
		ExecutionOrderSort2 (0ms)
		AwakeInstancesAfterBackupRestoration (0ms)
========================================================================
Worker process is ready to serve import requests
Begin MonoManager ReloadAssembly
- Loaded All Assemblies, in 20.177 seconds
Refreshing native plugins compatible for Editor in 498.46 ms, found 1 plugins.
Native extension for WindowsStandalone target not found
Native extension for iOS target not found
Native extension for OSXStandalone target not found
Native extension for WebGL target not found
Mono: successfully reloaded assembly
- Finished resetting the current domain, in  2.823 seconds
Domain Reload Profiling: 22699ms
	BeginReloadAssembly (124ms)
		ExecutionOrderSort (0ms)
		DisableScriptedObjects (4ms)
		BackupInstance (0ms)
		ReleaseScriptingObjects (0ms)
		CreateAndSetChildDomain (19ms)
	RebuildCommonClasses (24ms)
	RebuildNativeTypeToScriptingClass (11ms)
	initialDomainReloadingComplete (202ms)
	LoadAllAssembliesAndSetupDomain (19516ms)
		LoadAssemblies (19476ms)
		RebuildTransferFunctionScriptingTraits (0ms)
		AnalyzeDomain (105ms)
			TypeCache.Refresh (77ms)
				TypeCache.ScanAssembly (64ms)
			ScanForSourceGeneratedMonoScriptInfo (21ms)
			ResolveRequiredComponents (7ms)
	FinalizeReload (2824ms)
		ReleaseScriptCaches (0ms)
		RebuildScriptCaches (0ms)
		SetupLoadedEditorAssemblies (2705ms)
			LogAssemblyErrors (0ms)
			InitializePlatformSupportModulesInManaged (30ms)
			SetLoadedEditorAssemblies (4ms)
			RefreshPlugins (0ms)
			BeforeProcessingInitializeOnLoad (2390ms)
			ProcessInitializeOnLoadAttributes (197ms)
			ProcessInitializeOnLoadMethodAttributes (78ms)
			AfterProcessingInitializeOnLoad (5ms)
			EditorAssembliesLoaded (0ms)
		ExecutionOrderSort2 (0ms)
		AwakeInstancesAfterBackupRestoration (5ms)
Launched and connected shader compiler UnityShaderCompiler.exe after 0.13 seconds
Refreshing native plugins compatible for Editor in 375.15 ms, found 1 plugins.
Preloading 0 native plugins for Editor in 0.00 ms.
Unloading 3644 Unused Serialized files (Serialized files now loaded: 0)
Unloading 69 unused Assets / (62.2 KB). Loaded Objects now: 4122.
Memory consumption went from 182.5 MB to 182.4 MB.
Total: 2.794800 ms (FindLiveObjects: 0.217900 ms CreateObjectMapping: 0.109300 ms MarkObjects: 2.320300 ms  DeleteObjects: 0.146300 ms)

AssetImportParameters requested are different than current active one (requested -> active):
  custom:container-demuxer-ogg: 62fdf1f143b41e24485cea50d1cbac27 -> 
  custom:video-codec-MediaFoundation-h265: 746d11721c4dcdbdad8f713fa42b33f4 -> 
  custom:video-decoder-ogg-theora: a1e56fd34408186e4bbccfd4996cb3dc -> 
  custom:framework-win-MediaFoundation: 216162199b28c13a410421893ffa2e32 -> 
  custom:CustomObjectIndexerAttribute: a3ef5dd2817f97addfee359851a9dba5 -> 
  custom:container-demuxer-webm: 4f35f7cbe854078d1ac9338744f61a02 -> 
  custom:container-muxer-webm: aa71ff27fc2769a1b78a27578f13a17b -> 
  custom:video-decoder-webm-vp8: 9c59270c3fd7afecdb556c50c9e8de78 -> 
  custom:SearchIndexIgnoredProperties: e643bd26f0fe6173181afceb89e7c659 -> 
  custom:AudioImporter_EditorPlatform: d09bf68614088b80899f8185d706f6e7 -> 
  custom:video-encoder-webm-vp8: eb34c28f22e8b96e1ab97ce403110664 -> 
  custom:audio-decoder-ogg-vorbis: bf7c407c2cedff20999df2af8eb42d56 -> 
  custom:audio-encoder-webm-vorbis: bf7c407c2cedff20999df2af8eb42d56 -> 
========================================================================
Received Import Request.
  Time since last request: 1664473.898801 seconds.
  path: Assets/3DModels/ring2.fbx
  artifactKey: Guid(c1ea6bfde3b6c4b3894ff17e7d9abe75) Importer(815301076,1909f56bfc062723c751e8b465ee728b)
Start importing Assets/3DModels/ring2.fbx using Guid(c1ea6bfde3b6c4b3894ff17e7d9abe75) Importer(815301076,1909f56bfc062723c751e8b465ee728b)  -> (artifact id: '880cb3a3cf045658e977fd2909295846') in 0.691974 seconds
Number of updated asset objects reloaded before import = 0
Number of asset objects unloaded after import = 20
========================================================================
Received Import Request.
  Time since last request: 0.000036 seconds.
  path: Assets/3DModels/ring3.fbx
  artifactKey: Guid(848922c128c6a49249c268ce46dac1bc) Importer(815301076,1909f56bfc062723c751e8b465ee728b)
Start importing Assets/3DModels/ring3.fbx using Guid(848922c128c6a49249c268ce46dac1bc) Importer(815301076,1909f56bfc062723c751e8b465ee728b)  -> (artifact id: 'c620f77444c52f5e03b6b912139193a2') in 0.351278 seconds
Number of updated asset objects reloaded before import = 0
Number of asset objects unloaded after import = 25
========================================================================
Received Import Request.
  Time since last request: 14.746563 seconds.
  path: Assets/Images
  artifactKey: Guid(dbb88ff282be246d3bdff163035fc81b) Importer(815301076,1909f56bfc062723c751e8b465ee728b)
Start importing Assets/Images using Guid(dbb88ff282be246d3bdff163035fc81b) Importer(815301076,1909f56bfc062723c751e8b465ee728b)  -> (artifact id: 'b6e7eabb70986716b82751755e2f64df') in 0.003786 seconds
Number of updated asset objects reloaded before import = 0
Number of asset objects unloaded after import = 0
========================================================================
Received Import Request.
  Time since last request: 0.069842 seconds.
  path: Assets/Images/fa-brands-400.ttf
  artifactKey: Guid(6e52e744e33d248b5815cb1311e9baa1) Importer(815301076,1909f56bfc062723c751e8b465ee728b)
Start importing Assets/Images/fa-brands-400.ttf using Guid(6e52e744e33d248b5815cb1311e9baa1) Importer(815301076,1909f56bfc062723c751e8b465ee728b)  -> (artifact id: '907fcacb27b89141bfe24d908d92269b') in 0.120154 seconds
Number of updated asset objects reloaded before import = 0
Number of asset objects unloaded after import = 5
========================================================================
Received Import Request.
  Time since last request: 0.000030 seconds.
  path: Assets/Images/NewLayer 1.terrainlayer
  artifactKey: Guid(eb7339f2718a540b28bad2df74fa7e44) Importer(815301076,1909f56bfc062723c751e8b465ee728b)
Start importing Assets/Images/NewLayer 1.terrainlayer using Guid(eb7339f2718a540b28bad2df74fa7e44) Importer(815301076,1909f56bfc062723c751e8b465ee728b)  -> (artifact id: '79b49d79fae19c6f14c7a2cbf3892c83') in 0.173343 seconds
Number of updated asset objects reloaded before import = 0
Number of asset objects unloaded after import = 2
========================================================================
Received Import Request.
  Time since last request: 0.000048 seconds.
  path: Assets/Images/ãƒˆã‚™ãƒ­ãƒ¼ãƒ³ã®ãƒ•ãƒªãƒ¼ç´ æE.png
  artifactKey: Guid(4166b526e71d04c5fa264505038a6d76) Importer(815301076,1909f56bfc062723c751e8b465ee728b)
Start importing Assets/Images/ãƒˆã‚™ãƒ­ãƒ¼ãƒ³ã®ãƒ•ãƒªãƒ¼ç´ æE.png using Guid(4166b526e71d04c5fa264505038a6d76) Importer(815301076,1909f56bfc062723c751e8b465ee728b)  -> (artifact id: '041fda9d6b88574aedf59ac782e82e52') in 1.175443 seconds
Number of updated asset objects reloaded before import = 0
Number of asset objects unloaded after import = 3
========================================================================
Received Import Request.
  Time since last request: 0.000026 seconds.
  path: Assets/Images/å¼·é¢¨ã‚¢ã‚¤ã‚³ãƒ³1.png
  artifactKey: Guid(a4225232d62ba41388c118212cff3313) Importer(815301076,1909f56bfc062723c751e8b465ee728b)
Start importing Assets/Images/å¼·é¢¨ã‚¢ã‚¤ã‚³ãƒ³1.png using Guid(a4225232d62ba41388c118212cff3313) Importer(815301076,1909f56bfc062723c751e8b465ee728b)  -> (artifact id: '9b6aae8c27704e637448df6dfb976d3a') in 0.795315 seconds
Number of updated asset objects reloaded before import = 0
Number of asset objects unloaded after import = 3
========================================================================
Received Import Request.
  Time since last request: 0.000030 seconds.
  path: Assets/Images/ç¹§ï½¹ç¹§ï½¯ç¹ï½ªç¹ï½¼ç¹ï½³ç¹§ï½·ç¹ï½§ç¹ãƒ»ãƒ¨ 2023-08-18 15.16.55.png
  artifactKey: Guid(a7995a6c432324d96bdabf720fa2f52d) Importer(815301076,1909f56bfc062723c751e8b465ee728b)
Start importing Assets/Images/ç¹§ï½¹ç¹§ï½¯ç¹ï½ªç¹ï½¼ç¹ï½³ç¹§ï½·ç¹ï½§ç¹ãƒ»ãƒ¨ 2023-08-18 15.16.55.png using Guid(a7995a6c432324d96bdabf720fa2f52d) Importer(815301076,1909f56bfc062723c751e8b465ee728b)  -> (artifact id: '201cdecbd629fd3f74913df331ad1268') in 0.818806 seconds
Number of updated asset objects reloaded before import = 0
Number of asset objects unloaded after import = 3
========================================================================
Received Import Request.
  Time since last request: 0.002131 seconds.
  path: Assets/Images/è­ŒåŠ±ãƒ»ç¹è¼”Îœç¹ï½¼ç¹§ï½¢ç¹§ï½¤ç¹§ï½³ç¹ï½³.png
  artifactKey: Guid(8e38642e90a654c9a9e66127c33173ed) Importer(815301076,1909f56bfc062723c751e8b465ee728b)
Start importing Assets/Images/è­ŒåŠ±ãƒ»ç¹è¼”Îœç¹ï½¼ç¹§ï½¢ç¹§ï½¤ç¹§ï½³ç¹ï½³.png using Guid(8e38642e90a654c9a9e66127c33173ed) Importer(815301076,1909f56bfc062723c751e8b465ee728b)  -> (artifact id: '39706f7a614101f3272527f3989cfc79') in 0.756663 seconds
Number of updated asset objects reloaded before import = 0
Number of asset objects unloaded after import = 3
========================================================================
Received Import Request.
  Time since last request: 36.956443 seconds.
  path: Assets/Materials
  artifactKey: Guid(086d4ec42965bc443a4bd716da6bfb8e) Importer(815301076,1909f56bfc062723c751e8b465ee728b)
Start importing Assets/Materials using Guid(086d4ec42965bc443a4bd716da6bfb8e) Importer(815301076,1909f56bfc062723c751e8b465ee728b)  -> (artifact id: 'ef9fc88aa435380ee6096a553afd91a7') in 0.001860 seconds
Number of updated asset objects reloaded before import = 0
Number of asset objects unloaded after import = 0
========================================================================
Received Import Request.
  Time since last request: 0.102813 seconds.
  path: Assets/Materials/Black.mat
  artifactKey: Guid(012c5023392174aa69d99a89204b538d) Importer(815301076,1909f56bfc062723c751e8b465ee728b)
Start importing Assets/Materials/Black.mat using Guid(012c5023392174aa69d99a89204b538d) Importer(815301076,1909f56bfc062723c751e8b465ee728b)  -> (artifact id: 'f809349cc1f99d0ff2badd1ab563edf7') in 0.176103 seconds
Number of updated asset objects reloaded before import = 0
Number of asset objects unloaded after import = 2
========================================================================
Received Import Request.
  Time since last request: 0.092367 seconds.
  path: Assets/Materials/Hologram 1.mat
  artifactKey: Guid(e0d86dd9256a4cc4780e097a6c3488a0) Importer(815301076,1909f56bfc062723c751e8b465ee728b)
Start importing Assets/Materials/Hologram 1.mat using Guid(e0d86dd9256a4cc4780e097a6c3488a0) Importer(815301076,1909f56bfc062723c751e8b465ee728b)  -> (artifact id: '27d071ab1af8a739c3f1e75688e5e6d9') in 0.291868 seconds
Number of updated asset objects reloaded before import = 0
Number of asset objects unloaded after import = 2
========================================================================
Received Import Request.
  Time since last request: 0.144796 seconds.
  path: Assets/Materials/Metal046B_1K-JPG_Color.jpg
  artifactKey: Guid(a45e3f12cf48cd0479d70e2090349978) Importer(815301076,1909f56bfc062723c751e8b465ee728b)
Start importing Assets/Materials/Metal046B_1K-JPG_Color.jpg using Guid(a45e3f12cf48cd0479d70e2090349978) Importer(815301076,1909f56bfc062723c751e8b465ee728b)  -> (artifact id: 'cb504c2ea370acdce34dd62f3dece1af') in 0.333738 seconds
Number of updated asset objects reloaded before import = 0
Number of asset objects unloaded after import = 2
========================================================================
Received Import Request.
  Time since last request: 0.088698 seconds.
  path: Assets/Materials/New Material 3.mat
  artifactKey: Guid(a3cad92fb8e476e40b32d3d0a6f58a07) Importer(815301076,1909f56bfc062723c751e8b465ee728b)
Start importing Assets/Materials/New Material 3.mat using Guid(a3cad92fb8e476e40b32d3d0a6f58a07) Importer(815301076,1909f56bfc062723c751e8b465ee728b)  -> (artifact id: 'd34c449694dc9f40bb4e069796c5a746') in 0.570775 seconds
Number of updated asset objects reloaded before import = 0
Number of asset objects unloaded after import = 2
========================================================================
Received Import Request.
  Time since last request: 0.027441 seconds.
  path: Assets/Materials/New Material 6.mat
  artifactKey: Guid(d19d09246de3d46999b94944429c1b75) Importer(815301076,1909f56bfc062723c751e8b465ee728b)
Start importing Assets/Materials/New Material 6.mat using Guid(d19d09246de3d46999b94944429c1b75) Importer(815301076,1909f56bfc062723c751e8b465ee728b)  -> (artifact id: 'ff9bdceb9a2e705f8daff6111ceb1ac0') in 5.318321 seconds
Number of updated asset objects reloaded before import = 0
Number of asset objects unloaded after import = 2
========================================================================
Received Import Request.
  Time since last request: 0.000019 seconds.
  path: Assets/Materials/White 11.mat
  artifactKey: Guid(710953d0e1192a94fb54a2cc4c54b9b8) Importer(815301076,1909f56bfc062723c751e8b465ee728b)
Start importing Assets/Materials/White 11.mat using Guid(710953d0e1192a94fb54a2cc4c54b9b8) Importer(815301076,1909f56bfc062723c751e8b465ee728b)  -> (artifact id: 'a4dac00d69b8ca84cf2ccf22a1939dfd') in 0.588534 seconds
Number of updated asset objects reloaded before import = 0
Number of asset objects unloaded after import = 2
========================================================================
Received Import Request.
  Time since last request: 0.000036 seconds.
  path: Assets/Materials/White 10.mat
  artifactKey: Guid(23eef71cf98e01c43bf7d61e15f41cd3) Importer(815301076,1909f56bfc062723c751e8b465ee728b)
Start importing Assets/Materials/White 10.mat using Guid(23eef71cf98e01c43bf7d61e15f41cd3) Importer(815301076,1909f56bfc062723c751e8b465ee728b)  -> (artifact id: '30b74f92118343f8bfa97290d0a20f7e') in 2.018553 seconds
Number of updated asset objects reloaded before import = 0
Number of asset objects unloaded after import = 2
========================================================================
Received Import Request.
  Time since last request: 0.000019 seconds.
  path: Assets/Materials/White 5.mat
  artifactKey: Guid(9a8826aad316eb34ba6fe37706a40107) Importer(815301076,1909f56bfc062723c751e8b465ee728b)
Start importing Assets/Materials/White 5.mat using Guid(9a8826aad316eb34ba6fe37706a40107) Importer(815301076,1909f56bfc062723c751e8b465ee728b)  -> (artifact id: 'aa89bb56bab1ec0852a712ddb64fbb95') in 0.687849 seconds
Number of updated asset objects reloaded before import = 0
Number of asset objects unloaded after import = 2
========================================================================
Received Import Request.
  Time since last request: 3.821671 seconds.
  path: Assets/Resources
  artifactKey: Guid(9ef84d533aeb0a04090a87d5b3a5e887) Importer(815301076,1909f56bfc062723c751e8b465ee728b)
Start importing Assets/Resources using Guid(9ef84d533aeb0a04090a87d5b3a5e887) Importer(815301076,1909f56bfc062723c751e8b465ee728b)  -> (artifact id: '60309618218e72071583666ccd4781a2') in 0.001634 seconds
Number of updated asset objects reloaded before import = 0
Number of asset objects unloaded after import = 0
========================================================================
Received Import Request.
  Time since last request: 1.044707 seconds.
  path: Assets/Resources/Shapes2D Sprites
  artifactKey: Guid(e35f6dde1bd59594681579cead7a7dd2) Importer(815301076,1909f56bfc062723c751e8b465ee728b)
Start importing Assets/Resources/Shapes2D Sprites using Guid(e35f6dde1bd59594681579cead7a7dd2) Importer(815301076,1909f56bfc062723c751e8b465ee728b)  -> (artifact id: '419475b37e37d1716fd77139b726da80') in 0.002943 seconds
Number of updated asset objects reloaded before import = 0
Number of asset objects unloaded after import = 0
========================================================================
Received Import Request.
  Time since last request: 0.765458 seconds.
  path: Assets/Resources/Shapes2D Sprites/Image (12).png
  artifactKey: Guid(5d2dd07c510f1854a982089c0886b4cd) Importer(815301076,1909f56bfc062723c751e8b465ee728b)
Start importing Assets/Resources/Shapes2D Sprites/Image (12).png using Guid(5d2dd07c510f1854a982089c0886b4cd) Importer(815301076,1909f56bfc062723c751e8b465ee728b)  -> (artifact id: '776a85121e237baa1ed1989fa136c836') in 0.463811 seconds
Number of updated asset objects reloaded before import = 0
Number of asset objects unloaded after import = 3
========================================================================
Received Import Request.
  Time since last request: 0.000128 seconds.
  path: Assets/Resources/Shapes2D Sprites/Retry.png
  artifactKey: Guid(1a889f3af2255493ea3f822cb9c4992d) Importer(815301076,1909f56bfc062723c751e8b465ee728b)
Start importing Assets/Resources/Shapes2D Sprites/Retry.png using Guid(1a889f3af2255493ea3f822cb9c4992d) Importer(815301076,1909f56bfc062723c751e8b465ee728b)  -> (artifact id: 'ab70227aa8b30d5306b883cab597a077') in 0.423376 seconds
Number of updated asset objects reloaded before import = 0
Number of asset objects unloaded after import = 3
========================================================================
Received Import Request.
  Time since last request: 0.092453 seconds.
  path: Assets/Resources/Shapes2D Sprites/speed Vector (3).png
  artifactKey: Guid(55f8bd4efc6dfeb4093a7e0c2116ee76) Importer(815301076,1909f56bfc062723c751e8b465ee728b)
Start importing Assets/Resources/Shapes2D Sprites/speed Vector (3).png using Guid(55f8bd4efc6dfeb4093a7e0c2116ee76) Importer(815301076,1909f56bfc062723c751e8b465ee728b)  -> (artifact id: '6c82b47ca6d68a3ca2407729d4e82462') in 1.105925 seconds
Number of updated asset objects reloaded before import = 0
Number of asset objects unloaded after import = 3
========================================================================
Received Import Request.
  Time since last request: 0.000024 seconds.
  path: Assets/Resources/Shapes2D Sprites/UFORelease.png
  artifactKey: Guid(5b88d01f344674c128402d28cffb44ba) Importer(815301076,1909f56bfc062723c751e8b465ee728b)
Start importing Assets/Resources/Shapes2D Sprites/UFORelease.png using Guid(5b88d01f344674c128402d28cffb44ba) Importer(815301076,1909f56bfc062723c751e8b465ee728b)  -> (artifact id: '17d88450b82cbcdd7f1bfd09e111c40d') in 0.857233 seconds
Number of updated asset objects reloaded before import = 0
Number of asset objects unloaded after import = 3
========================================================================
Received Import Request.
  Time since last request: 4.203057 seconds.
  path: Assets/SceneCacheResources
  artifactKey: Guid(654d38c4b113a4647a9d2481a03babbf) Importer(815301076,1909f56bfc062723c751e8b465ee728b)
Start importing Assets/SceneCacheResources using Guid(654d38c4b113a4647a9d2481a03babbf) Importer(815301076,1909f56bfc062723c751e8b465ee728b)  -> (artifact id: '185d12456c5859ddb49ae669e5acae51') in 0.002950 seconds
Number of updated asset objects reloaded before import = 0
Number of asset objects unloaded after import = 0
========================================================================
Received Import Request.
  Time since last request: 8.144328 seconds.
  path: Assets/Scenes/DroneQuest.unity
  artifactKey: Guid(127fd7a62fa4145f0956bf3bf15c1e5a) Importer(815301076,1909f56bfc062723c751e8b465ee728b)
Start importing Assets/Scenes/DroneQuest.unity using Guid(127fd7a62fa4145f0956bf3bf15c1e5a) Importer(815301076,1909f56bfc062723c751e8b465ee728b)  -> (artifact id: '7b41e0fd3afe815915341e1dd08399e5') in 0.003134 seconds
Number of updated asset objects reloaded before import = 0
Number of asset objects unloaded after import = 0
========================================================================
Received Import Request.
  Time since last request: 0.453076 seconds.
  path: Assets/Scenes/CSVImport 1.unity
  artifactKey: Guid(41cfd1009069349efae3f044ad021b04) Importer(815301076,1909f56bfc062723c751e8b465ee728b)
Start importing Assets/Scenes/CSVImport 1.unity using Guid(41cfd1009069349efae3f044ad021b04) Importer(815301076,1909f56bfc062723c751e8b465ee728b)  -> (artifact id: '73af77002a9113225b72afb7710bebc8') in 0.002833 seconds
Number of updated asset objects reloaded before import = 0
Number of asset objects unloaded after import = 0
========================================================================
Received Import Request.
  Time since last request: 9.006240 seconds.
  path: Assets/Scenes/World.unity
  artifactKey: Guid(9fc0d4010bbf28b4594072e72b8655ab) Importer(815301076,1909f56bfc062723c751e8b465ee728b)
Start importing Assets/Scenes/World.unity using Guid(9fc0d4010bbf28b4594072e72b8655ab) Importer(815301076,1909f56bfc062723c751e8b465ee728b)  -> (artifact id: 'b177a3f807ab87f04e701ec6d8872429') in 0.035816 seconds
Number of updated asset objects reloaded before import = 0
Number of asset objects unloaded after import = 0
========================================================================
Received Import Request.
  Time since last request: 1.583230 seconds.
  path: Assets/Scenes/WorldMap.unity
  artifactKey: Guid(839c8fcfa51b638479b460e7688e3cf6) Importer(815301076,1909f56bfc062723c751e8b465ee728b)
Start importing Assets/Scenes/WorldMap.unity using Guid(839c8fcfa51b638479b460e7688e3cf6) Importer(815301076,1909f56bfc062723c751e8b465ee728b)  -> (artifact id: '99dcd78ce35ba9454d3f7e1dadb06a7b') in 0.006781 seconds
Number of updated asset objects reloaded before import = 0
Number of asset objects unloaded after import = 0
========================================================================
Received Import Request.
  Time since last request: 24.746909 seconds.
  path: Assets/Scenes/UFOCatch.anim
  artifactKey: Guid(47439ac985e445449b425cffdf7dd3ae) Importer(815301076,1909f56bfc062723c751e8b465ee728b)
Start importing Assets/Scenes/UFOCatch.anim using Guid(47439ac985e445449b425cffdf7dd3ae) Importer(815301076,1909f56bfc062723c751e8b465ee728b)  -> (artifact id: '5b8295277c859470f13fd3b0ffc566b9') in 0.031146 seconds
Number of updated asset objects reloaded before import = 0
Number of asset objects unloaded after import = 1
========================================================================
Received Import Request.
  Time since last request: 32.056045 seconds.
  path: Assets/Scenes/U2D.anim
  artifactKey: Guid(a722093dda2b93b449bd73b2945cf25d) Importer(815301076,1909f56bfc062723c751e8b465ee728b)
Start importing Assets/Scenes/U2D.anim using Guid(a722093dda2b93b449bd73b2945cf25d) Importer(815301076,1909f56bfc062723c751e8b465ee728b)  -> (artifact id: 'b52ba435d6692d3a0a2233f27197df24') in 0.051120 seconds
Number of updated asset objects reloaded before import = 0
Number of asset objects unloaded after import = 1
========================================================================
Received Import Request.
  Time since last request: 5.789384 seconds.
  path: Assets/Scenes/SampleScene_Profiles
  artifactKey: Guid(e0bfc8a10dd08174bbe15868f833530c) Importer(815301076,1909f56bfc062723c751e8b465ee728b)
Start importing Assets/Scenes/SampleScene_Profiles using Guid(e0bfc8a10dd08174bbe15868f833530c) Importer(815301076,1909f56bfc062723c751e8b465ee728b)  -> (artifact id: '65695076e5bc630895b7b5d7f8e60c2b') in 0.001755 seconds
Number of updated asset objects reloaded before import = 0
Number of asset objects unloaded after import = 0
========================================================================
Received Import Request.
  Time since last request: 0.591614 seconds.
  path: Assets/Scenes/SampleScene_Profiles/Post-process Volume Profile.asset
  artifactKey: Guid(fb482c5103add9846907a3f1820e8077) Importer(815301076,1909f56bfc062723c751e8b465ee728b)
Start importing Assets/Scenes/SampleScene_Profiles/Post-process Volume Profile.asset using Guid(fb482c5103add9846907a3f1820e8077) Importer(815301076,1909f56bfc062723c751e8b465ee728b)  -> (artifact id: '232bdd8d7de3eb74a7bb6b74c442c94b') in 0.005215 seconds
Number of updated asset objects reloaded before import = 0
Number of asset objects unloaded after import = 1
========================================================================
Received Import Request.
  Time since last request: 2.484129 seconds.
  path: Assets/Scenes/DroneQuest
  artifactKey: Guid(d85a21bb62fd3e04185de3d751901acf) Importer(815301076,1909f56bfc062723c751e8b465ee728b)
Start importing Assets/Scenes/DroneQuest using Guid(d85a21bb62fd3e04185de3d751901acf) Importer(815301076,1909f56bfc062723c751e8b465ee728b)  -> (artifact id: '328c959e21a406bdebf0c7268bbcddf5') in 0.002647 seconds
Number of updated asset objects reloaded before import = 0
Number of asset objects unloaded after import = 0
========================================================================
Received Import Request.
  Time since last request: 0.069189 seconds.
  path: Assets/Scenes/DroneQuest/LightingData.asset
  artifactKey: Guid(b996f2b8fae0ec54090dae90f327c68a) Importer(815301076,1909f56bfc062723c751e8b465ee728b)
Start importing Assets/Scenes/DroneQuest/LightingData.asset using Guid(b996f2b8fae0ec54090dae90f327c68a) Importer(815301076,1909f56bfc062723c751e8b465ee728b)  -> (artifact id: 'de72b2b753e746284176b9c00ba89745') in 0.042383 seconds
Number of updated asset objects reloaded before import = 0
Number of asset objects unloaded after import = 2
========================================================================
Received Import Request.
  Time since last request: 3.542470 seconds.
  path: Assets/Scripts
  artifactKey: Guid(f558e0da5c04e4223af714d4497a9cb8) Importer(815301076,1909f56bfc062723c751e8b465ee728b)
Start importing Assets/Scripts using Guid(f558e0da5c04e4223af714d4497a9cb8) Importer(815301076,1909f56bfc062723c751e8b465ee728b)  -> (artifact id: '6791e91fa576eaf34113af1ca1c3eb26') in 0.003329 seconds
Number of updated asset objects reloaded before import = 0
Number of asset objects unloaded after import = 0
========================================================================
Received Import Request.
  Time since last request: 5.564912 seconds.
  path: Assets/Wind Effect
  artifactKey: Guid(00b9c32aaf89fbc46b33d47e89006af4) Importer(815301076,1909f56bfc062723c751e8b465ee728b)
Start importing Assets/Wind Effect using Guid(00b9c32aaf89fbc46b33d47e89006af4) Importer(815301076,1909f56bfc062723c751e8b465ee728b)  -> (artifact id: '112beb2625193cb4946260eba8d1e7af') in 0.003317 seconds
Number of updated asset objects reloaded before import = 0
Number of asset objects unloaded after import = 0
========================================================================
Received Import Request.
  Time since last request: 0.420785 seconds.
  path: Assets/CatchTrigger.cs
  artifactKey: Guid(6aad89980d5313d498a2c4c2dfb0f6d9) Importer(815301076,1909f56bfc062723c751e8b465ee728b)
Start importing Assets/CatchTrigger.cs using Guid(6aad89980d5313d498a2c4c2dfb0f6d9) Importer(815301076,1909f56bfc062723c751e8b465ee728b)  -> (artifact id: 'e500cb8932905292304abf55d05a9bd5') in 0.011681 seconds
Number of updated asset objects reloaded before import = 0
Number of asset objects unloaded after import = 0
========================================================================
Received Import Request.
  Time since last request: 2.938052 seconds.
  path: Assets/Switch.cs
  artifactKey: Guid(7a79a6dc6f789e742a9137bee770f862) Importer(815301076,1909f56bfc062723c751e8b465ee728b)
Start importing Assets/Switch.cs using Guid(7a79a6dc6f789e742a9137bee770f862) Importer(815301076,1909f56bfc062723c751e8b465ee728b)  -> (artifact id: '89120930d567a44ec76d75479e7eeddc') in 0.008012 seconds
Number of updated asset objects reloaded before import = 0
Number of asset objects unloaded after import = 0
========================================================================
Received Import Request.
  Time since last request: 0.713483 seconds.
  path: Assets/Title.cs
  artifactKey: Guid(b30431156e75d43d2a35fcb784252b8d) Importer(815301076,1909f56bfc062723c751e8b465ee728b)
Start importing Assets/Title.cs using Guid(b30431156e75d43d2a35fcb784252b8d) Importer(815301076,1909f56bfc062723c751e8b465ee728b)  -> (artifact id: 'c3decd1bf498bb87d8d39044d4aab58f') in 0.029573 seconds
Number of updated asset objects reloaded before import = 0
Number of asset objects unloaded after import = 0
========================================================================
Received Import Request.
  Time since last request: 17.452537 seconds.
  path: Assets/Shapes2D
  artifactKey: Guid(02ce47f55a86ccf438e9e30ebdd8751c) Importer(815301076,1909f56bfc062723c751e8b465ee728b)
Start importing Assets/Shapes2D using Guid(02ce47f55a86ccf438e9e30ebdd8751c) Importer(815301076,1909f56bfc062723c751e8b465ee728b)  -> (artifact id: '6b7e09a638ac4952ccdf3bd9bfcec9eb') in 0.006223 seconds
Number of updated asset objects reloaded before import = 0
Number of asset objects unloaded after import = 0
========================================================================
Received Import Request.
  Time since last request: 1.509571 seconds.
  path: Assets/StreamingAssets
  artifactKey: Guid(3bbf21d7afbf742b5be2f4cf1d113432) Importer(815301076,1909f56bfc062723c751e8b465ee728b)
Start importing Assets/StreamingAssets using Guid(3bbf21d7afbf742b5be2f4cf1d113432) Importer(815301076,1909f56bfc062723c751e8b465ee728b)  -> (artifact id: 'aa49ca3610209a382fd03a9cefb5aec4') in 0.004503 seconds
Number of updated asset objects reloaded before import = 0
Number of asset objects unloaded after import = 0
========================================================================
Received Import Request.
  Time since last request: 1.906152 seconds.
  path: Assets/StreamingAssets/MeshSyncServerRoot
  artifactKey: Guid(a698f7f58bfb7ea4ba56905e6b2c0a91) Importer(815301076,1909f56bfc062723c751e8b465ee728b)
Start importing Assets/StreamingAssets/MeshSyncServerRoot using Guid(a698f7f58bfb7ea4ba56905e6b2c0a91) Importer(815301076,1909f56bfc062723c751e8b465ee728b)  -> (artifact id: '37c999801801dc56d32754b54fc70008') in 0.010843 seconds
Number of updated asset objects reloaded before import = 0
Number of asset objects unloaded after import = 0
========================================================================
Received Prepare
Begin MonoManager ReloadAssembly
- Loaded All Assemblies, in 20.457 seconds
Refreshing native plugins compatible for Editor in 164.18 ms, found 1 plugins.
Native extension for WindowsStandalone target not found
Native extension for iOS target not found
Native extension for OSXStandalone target not found
Native extension for WebGL target not found
Mono: successfully reloaded assembly
- Finished resetting the current domain, in 50.844 seconds
Domain Reload Profiling: 70520ms
	BeginReloadAssembly (512ms)
		ExecutionOrderSort (0ms)
		DisableScriptedObjects (14ms)
		BackupInstance (0ms)
		ReleaseScriptingObjects (0ms)
		CreateAndSetChildDomain (25ms)
	RebuildCommonClasses (23ms)
	RebuildNativeTypeToScriptingClass (8ms)
	initialDomainReloadingComplete (118ms)
	LoadAllAssembliesAndSetupDomain (19015ms)
		LoadAssemblies (19042ms)
		RebuildTransferFunctionScriptingTraits (0ms)
		AnalyzeDomain (30ms)
			TypeCache.Refresh (7ms)
				TypeCache.ScanAssembly (1ms)
			ScanForSourceGeneratedMonoScriptInfo (16ms)
			ResolveRequiredComponents (6ms)
	FinalizeReload (50845ms)
		ReleaseScriptCaches (0ms)
		RebuildScriptCaches (0ms)
		SetupLoadedEditorAssemblies (791ms)
			LogAssemblyErrors (0ms)
			InitializePlatformSupportModulesInManaged (27ms)
			SetLoadedEditorAssemblies (3ms)
			RefreshPlugins (0ms)
			BeforeProcessingInitializeOnLoad (535ms)
			ProcessInitializeOnLoadAttributes (160ms)
			ProcessInitializeOnLoadMethodAttributes (60ms)
			AfterProcessingInitializeOnLoad (6ms)
			EditorAssembliesLoaded (0ms)
		ExecutionOrderSort2 (0ms)
		AwakeInstancesAfterBackupRestoration (16ms)
Refreshing native plugins compatible for Editor in 923.05 ms, found 1 plugins.
Preloading 0 native plugins for Editor in 0.00 ms.
Unloading 3489 Unused Serialized files (Serialized files now loaded: 0)
Unloading 31 unused Assets / (28.8 KB). Loaded Objects now: 4226.
Memory consumption went from 161.8 MB to 161.8 MB.
Total: 2.706700 ms (FindLiveObjects: 0.261900 ms CreateObjectMapping: 0.125600 ms MarkObjects: 2.273500 ms  DeleteObjects: 0.044200 ms)

Prepare: number of updated asset objects reloaded= 0
AssetImportParameters requested are different than current active one (requested -> active):
  custom:container-demuxer-ogg: 62fdf1f143b41e24485cea50d1cbac27 -> 
  custom:video-codec-MediaFoundation-h265: 746d11721c4dcdbdad8f713fa42b33f4 -> 
  custom:video-decoder-ogg-theora: a1e56fd34408186e4bbccfd4996cb3dc -> 
  custom:framework-win-MediaFoundation: 216162199b28c13a410421893ffa2e32 -> 
  custom:CustomObjectIndexerAttribute: a3ef5dd2817f97addfee359851a9dba5 -> 
  custom:container-demuxer-webm: 4f35f7cbe854078d1ac9338744f61a02 -> 
  custom:container-muxer-webm: aa71ff27fc2769a1b78a27578f13a17b -> 
  custom:video-decoder-webm-vp8: 9c59270c3fd7afecdb556c50c9e8de78 -> 
  custom:SearchIndexIgnoredProperties: e643bd26f0fe6173181afceb89e7c659 -> 
  custom:AudioImporter_EditorPlatform: d09bf68614088b80899f8185d706f6e7 -> 
  custom:video-encoder-webm-vp8: eb34c28f22e8b96e1ab97ce403110664 -> 
  custom:audio-decoder-ogg-vorbis: bf7c407c2cedff20999df2af8eb42d56 -> 
  custom:audio-encoder-webm-vorbis: bf7c407c2cedff20999df2af8eb42d56 -> 
========================================================================
Received Import Request.
  Time since last request: 187.804100 seconds.
  path: Assets/Materials/Shader
  artifactKey: Guid(c0bf788c843961e49a69c1dd1d57b778) Importer(815301076,1909f56bfc062723c751e8b465ee728b)
Start importing Assets/Materials/Shader using Guid(c0bf788c843961e49a69c1dd1d57b778) Importer(815301076,1909f56bfc062723c751e8b465ee728b)  -> (artifact id: '1c911fbda314cfe457ddcabe507a0a12') in 0.004636 seconds
Number of updated asset objects reloaded before import = 0
Number of asset objects unloaded after import = 0
Editor requested this worker to shutdown with reason: Scaling down because of idle timeout
TcpMessagingSession - receive error: operation aborted. errorcode: 995, details: ƒXƒŒƒbƒh‚ÌI—¹‚Ü‚½‚ÍƒAƒvƒŠƒP[ƒVƒ‡ƒ“‚Ì—v‹‚É‚æ‚Á‚ÄAI/O ˆ—‚Í’†~‚³‚ê‚Ü‚µ‚½B
AssetImportWorker is now disconnected from the server
Process exiting
Exiting without the bug reporter. Application will terminate with return code 0