Using pre-set license
Built from '2022.3/release' branch; Version is '2022.3.12f1 (4fe6e059c7ef) revision 5236448'; Using compiler version '192829333'; Build Type 'Release'
OS: 'Windows 11  (10.0.22621) 64bit Core' Language: 'ja' Physical Memory: 32534 MB
BatchMode: 1, IsHumanControllingUs: 0, StartBugReporterOnCrash: 0, Is64bit: 1, IsPro: 1

COMMAND LINE ARGUMENTS:
C:\Program Files\Unity\Hub\Editor\2022.3.12f1\Editor\Unity.exe
-adb2
-batchMode
-noUpm
-name
AssetImportWorker1
-projectPath
C:/Users/shina/Downloads/Drone/DroneQuest
-logFile
Logs/AssetImportWorker1.log
-srvPort
51554
Successfully changed project path to: C:/Users/shina/Downloads/Drone/DroneQuest
C:/Users/shina/Downloads/Drone/DroneQuest
[UnityMemory] Configuration Parameters - Can be set up in boot.config
    "memorysetup-bucket-allocator-granularity=16"
    "memorysetup-bucket-allocator-bucket-count=8"
    "memorysetup-bucket-allocator-block-size=33554432"
    "memorysetup-bucket-allocator-block-count=8"
    "memorysetup-main-allocator-block-size=16777216"
    "memorysetup-thread-allocator-block-size=16777216"
    "memorysetup-gfx-main-allocator-block-size=16777216"
    "memorysetup-gfx-thread-allocator-block-size=16777216"
    "memorysetup-cache-allocator-block-size=4194304"
    "memorysetup-typetree-allocator-block-size=2097152"
    "memorysetup-profiler-bucket-allocator-granularity=16"
    "memorysetup-profiler-bucket-allocator-bucket-count=8"
    "memorysetup-profiler-bucket-allocator-block-size=33554432"
    "memorysetup-profiler-bucket-allocator-block-count=8"
    "memorysetup-profiler-allocator-block-size=16777216"
    "memorysetup-profiler-editor-allocator-block-size=1048576"
    "memorysetup-temp-allocator-size-main=16777216"
    "memorysetup-job-temp-allocator-block-size=2097152"
    "memorysetup-job-temp-allocator-block-size-background=1048576"
    "memorysetup-job-temp-allocator-reduction-small-platforms=262144"
    "memorysetup-allocator-temp-initial-block-size-main=262144"
    "memorysetup-allocator-temp-initial-block-size-worker=262144"
    "memorysetup-temp-allocator-size-background-worker=32768"
    "memorysetup-temp-allocator-size-job-worker=262144"
    "memorysetup-temp-allocator-size-preload-manager=33554432"
    "memorysetup-temp-allocator-size-nav-mesh-worker=65536"
    "memorysetup-temp-allocator-size-audio-worker=65536"
    "memorysetup-temp-allocator-size-cloud-worker=32768"
    "memorysetup-temp-allocator-size-gi-baking-worker=262144"
    "memorysetup-temp-allocator-size-gfx=262144"
Player connection [60768] Host "[IP] 192.168.1.10 [Port] 0 [Flags] 2 [Guid] 21294109 [EditorId] 21294109 [Version] 1048832 [Id] WindowsEditor(7,GALLERIA) [Debug] 1 [PackageName] WindowsEditor [ProjectName] Editor" joined multi-casting on [225.0.0.222:54997]...

Player connection [60768] Host "[IP] 192.168.1.10 [Port] 0 [Flags] 2 [Guid] 21294109 [EditorId] 21294109 [Version] 1048832 [Id] WindowsEditor(7,GALLERIA) [Debug] 1 [PackageName] WindowsEditor [ProjectName] Editor" joined alternative multi-casting on [225.0.0.222:34997]...

[Physics::Module] Initialized MultithreadedJobDispatcher with 19 workers.
Refreshing native plugins compatible for Editor in 5.58 ms, found 1 plugins.
Preloading 0 native plugins for Editor in 0.00 ms.
Initialize engine version: 2022.3.12f1 (4fe6e059c7ef)
[Subsystems] Discovering subsystems at path C:/Program Files/Unity/Hub/Editor/2022.3.12f1/Editor/Data/Resources/UnitySubsystems
[Subsystems] Discovering subsystems at path C:/Users/shina/Downloads/Drone/DroneQuest/Assets
GfxDevice: creating device client; threaded=0; jobified=0
Direct3D:
    Version:  Direct3D 11.0 [level 11.1]
    Renderer: NVIDIA GeForce RTX 3080 (ID=0x2216)
    Vendor:   NVIDIA
    VRAM:     10078 MB
    Driver:   30.0.14.7212
Initialize mono
Mono path[0] = 'C:/Program Files/Unity/Hub/Editor/2022.3.12f1/Editor/Data/Managed'
Mono path[1] = 'C:/Program Files/Unity/Hub/Editor/2022.3.12f1/Editor/Data/MonoBleedingEdge/lib/mono/unityjit-win32'
Mono config path = 'C:/Program Files/Unity/Hub/Editor/2022.3.12f1/Editor/Data/MonoBleedingEdge/etc'
Using monoOptions --debugger-agent=transport=dt_socket,embedding=1,server=y,suspend=n,address=127.0.0.1:56652
Begin MonoManager ReloadAssembly
Registering precompiled unity dll's ...
Register platform support module: C:/Program Files/Unity/Hub/Editor/2022.3.12f1/Editor/Data/PlaybackEngines/WebGLSupport/UnityEditor.WebGL.Extensions.dll
Register platform support module: C:/Program Files/Unity/Hub/Editor/2022.3.12f1/Editor/Data/PlaybackEngines/MacStandaloneSupport/UnityEditor.OSXStandalone.Extensions.dll
Register platform support module: C:/Program Files/Unity/Hub/Editor/2022.3.12f1/Editor/Data/PlaybackEngines/iOSSupport/UnityEditor.iOS.Extensions.dll
Register platform support module: C:/Program Files/Unity/Hub/Editor/2022.3.12f1/Editor/Data/PlaybackEngines/WindowsStandaloneSupport/UnityEditor.WindowsStandalone.Extensions.dll
Registered in 0.009167 seconds.
- Loaded All Assemblies, in  0.382 seconds
Native extension for WindowsStandalone target not found
[usbmuxd] Start listen thread
[usbmuxd] Listen thread started
[usbmuxd] Send listen message
Native extension for iOS target not found
Native extension for OSXStandalone target not found
Native extension for WebGL target not found
Mono: successfully reloaded assembly
- Finished resetting the current domain, in  0.239 seconds
Domain Reload Profiling: 619ms
	BeginReloadAssembly (165ms)
		ExecutionOrderSort (0ms)
		DisableScriptedObjects (0ms)
		BackupInstance (0ms)
		ReleaseScriptingObjects (0ms)
		CreateAndSetChildDomain (1ms)
	RebuildCommonClasses (34ms)
	RebuildNativeTypeToScriptingClass (8ms)
	initialDomainReloadingComplete (52ms)
	LoadAllAssembliesAndSetupDomain (121ms)
		LoadAssemblies (163ms)
		RebuildTransferFunctionScriptingTraits (0ms)
		AnalyzeDomain (118ms)
			TypeCache.Refresh (117ms)
				TypeCache.ScanAssembly (107ms)
			ScanForSourceGeneratedMonoScriptInfo (0ms)
			ResolveRequiredComponents (0ms)
	FinalizeReload (239ms)
		ReleaseScriptCaches (0ms)
		RebuildScriptCaches (0ms)
		SetupLoadedEditorAssemblies (189ms)
			LogAssemblyErrors (0ms)
			InitializePlatformSupportModulesInManaged (31ms)
			SetLoadedEditorAssemblies (5ms)
			RefreshPlugins (0ms)
			BeforeProcessingInitializeOnLoad (2ms)
			ProcessInitializeOnLoadAttributes (106ms)
			ProcessInitializeOnLoadMethodAttributes (45ms)
			AfterProcessingInitializeOnLoad (0ms)
			EditorAssembliesLoaded (0ms)
		ExecutionOrderSort2 (0ms)
		AwakeInstancesAfterBackupRestoration (0ms)
========================================================================
Worker process is ready to serve import requests
Begin MonoManager ReloadAssembly
- Loaded All Assemblies, in  0.477 seconds
Refreshing native plugins compatible for Editor in 2.77 ms, found 1 plugins.
Native extension for WindowsStandalone target not found
Native extension for iOS target not found
Native extension for OSXStandalone target not found
Native extension for WebGL target not found
Mono: successfully reloaded assembly
- Finished resetting the current domain, in  0.498 seconds
Domain Reload Profiling: 972ms
	BeginReloadAssembly (129ms)
		ExecutionOrderSort (0ms)
		DisableScriptedObjects (5ms)
		BackupInstance (0ms)
		ReleaseScriptingObjects (0ms)
		CreateAndSetChildDomain (20ms)
	RebuildCommonClasses (29ms)
	RebuildNativeTypeToScriptingClass (10ms)
	initialDomainReloadingComplete (37ms)
	LoadAllAssembliesAndSetupDomain (269ms)
		LoadAssemblies (237ms)
		RebuildTransferFunctionScriptingTraits (0ms)
		AnalyzeDomain (105ms)
			TypeCache.Refresh (82ms)
				TypeCache.ScanAssembly (71ms)
			ScanForSourceGeneratedMonoScriptInfo (17ms)
			ResolveRequiredComponents (6ms)
	FinalizeReload (498ms)
		ReleaseScriptCaches (0ms)
		RebuildScriptCaches (0ms)
		SetupLoadedEditorAssemblies (365ms)
			LogAssemblyErrors (0ms)
			InitializePlatformSupportModulesInManaged (24ms)
			SetLoadedEditorAssemblies (3ms)
			RefreshPlugins (0ms)
			BeforeProcessingInitializeOnLoad (54ms)
			ProcessInitializeOnLoadAttributes (199ms)
			ProcessInitializeOnLoadMethodAttributes (77ms)
			AfterProcessingInitializeOnLoad (8ms)
			EditorAssembliesLoaded (0ms)
		ExecutionOrderSort2 (0ms)
		AwakeInstancesAfterBackupRestoration (6ms)
Launched and connected shader compiler UnityShaderCompiler.exe after 0.06 seconds
Refreshing native plugins compatible for Editor in 2.92 ms, found 1 plugins.
Preloading 0 native plugins for Editor in 0.00 ms.
Unloading 3644 Unused Serialized files (Serialized files now loaded: 0)
Unloading 69 unused Assets / (61.6 KB). Loaded Objects now: 4122.
Memory consumption went from 182.4 MB to 182.3 MB.
Total: 3.813300 ms (FindLiveObjects: 0.379700 ms CreateObjectMapping: 0.257200 ms MarkObjects: 3.038700 ms  DeleteObjects: 0.135800 ms)

AssetImportParameters requested are different than current active one (requested -> active):
  custom:container-demuxer-ogg: 62fdf1f143b41e24485cea50d1cbac27 -> 
  custom:video-codec-MediaFoundation-h265: 746d11721c4dcdbdad8f713fa42b33f4 -> 
  custom:video-decoder-ogg-theora: a1e56fd34408186e4bbccfd4996cb3dc -> 
  custom:framework-win-MediaFoundation: 216162199b28c13a410421893ffa2e32 -> 
  custom:container-demuxer-webm: 4f35f7cbe854078d1ac9338744f61a02 -> 
  custom:container-muxer-webm: aa71ff27fc2769a1b78a27578f13a17b -> 
  custom:video-decoder-webm-vp8: 9c59270c3fd7afecdb556c50c9e8de78 -> 
  custom:AudioImporter_EditorPlatform: d09bf68614088b80899f8185d706f6e7 -> 
  custom:video-encoder-webm-vp8: eb34c28f22e8b96e1ab97ce403110664 -> 
  custom:audio-decoder-ogg-vorbis: bf7c407c2cedff20999df2af8eb42d56 -> 
  custom:audio-encoder-webm-vorbis: bf7c407c2cedff20999df2af8eb42d56 -> 
========================================================================
Received Import Request.
  Time since last request: 804954.868887 seconds.
  path: Assets/Packages_com.unity.render-pipelines.universal_Runtime_Materials_New Terrain Material.mat
  artifactKey: Guid(86d96752ee8f142459b4c6debd066a9c) Importer(815301076,1909f56bfc062723c751e8b465ee728b)
Start importing Assets/Packages_com.unity.render-pipelines.universal_Runtime_Materials_New Terrain Material.mat using Guid(86d96752ee8f142459b4c6debd066a9c) Importer(815301076,1909f56bfc062723c751e8b465ee728b)  -> (artifact id: 'd4e8dd5442a3e8d6953285c2057398c0') in 1.050619 seconds
Number of updated asset objects reloaded before import = 0
Number of asset objects unloaded after import = 2
========================================================================
Received Prepare
Begin MonoManager ReloadAssembly
- Loaded All Assemblies, in  0.400 seconds
Refreshing native plugins compatible for Editor in 1.96 ms, found 1 plugins.
Native extension for WindowsStandalone target not found
Native extension for iOS target not found
Native extension for OSXStandalone target not found
Native extension for WebGL target not found
Mono: successfully reloaded assembly
- Finished resetting the current domain, in  0.792 seconds
Domain Reload Profiling: 1188ms
	BeginReloadAssembly (157ms)
		ExecutionOrderSort (0ms)
		DisableScriptedObjects (14ms)
		BackupInstance (0ms)
		ReleaseScriptingObjects (0ms)
		CreateAndSetChildDomain (34ms)
	RebuildCommonClasses (30ms)
	RebuildNativeTypeToScriptingClass (10ms)
	initialDomainReloadingComplete (30ms)
	LoadAllAssembliesAndSetupDomain (169ms)
		LoadAssemblies (236ms)
		RebuildTransferFunctionScriptingTraits (0ms)
		AnalyzeDomain (13ms)
			TypeCache.Refresh (4ms)
				TypeCache.ScanAssembly (0ms)
			ScanForSourceGeneratedMonoScriptInfo (0ms)
			ResolveRequiredComponents (7ms)
	FinalizeReload (792ms)
		ReleaseScriptCaches (0ms)
		RebuildScriptCaches (0ms)
		SetupLoadedEditorAssemblies (343ms)
			LogAssemblyErrors (0ms)
			InitializePlatformSupportModulesInManaged (25ms)
			SetLoadedEditorAssemblies (3ms)
			RefreshPlugins (0ms)
			BeforeProcessingInitializeOnLoad (57ms)
			ProcessInitializeOnLoadAttributes (190ms)
			ProcessInitializeOnLoadMethodAttributes (62ms)
			AfterProcessingInitializeOnLoad (6ms)
			EditorAssembliesLoaded (0ms)
		ExecutionOrderSort2 (0ms)
		AwakeInstancesAfterBackupRestoration (17ms)
Refreshing native plugins compatible for Editor in 3.59 ms, found 1 plugins.
Preloading 0 native plugins for Editor in 0.00 ms.
Unloading 3489 Unused Serialized files (Serialized files now loaded: 0)
Unloading 31 unused Assets / (28.7 KB). Loaded Objects now: 4207.
Memory consumption went from 161.4 MB to 161.3 MB.
Total: 3.382600 ms (FindLiveObjects: 0.194100 ms CreateObjectMapping: 0.154100 ms MarkObjects: 2.979700 ms  DeleteObjects: 0.053800 ms)

Prepare: number of updated asset objects reloaded= 0
AssetImportParameters requested are different than current active one (requested -> active):
  custom:container-demuxer-ogg: 62fdf1f143b41e24485cea50d1cbac27 -> 
  custom:video-codec-MediaFoundation-h265: 746d11721c4dcdbdad8f713fa42b33f4 -> 
  custom:video-decoder-ogg-theora: a1e56fd34408186e4bbccfd4996cb3dc -> 
  custom:framework-win-MediaFoundation: 216162199b28c13a410421893ffa2e32 -> 
  custom:CustomObjectIndexerAttribute: a3ef5dd2817f97addfee359851a9dba5 -> 
  custom:container-demuxer-webm: 4f35f7cbe854078d1ac9338744f61a02 -> 
  custom:container-muxer-webm: aa71ff27fc2769a1b78a27578f13a17b -> 
  custom:video-decoder-webm-vp8: 9c59270c3fd7afecdb556c50c9e8de78 -> 
  custom:SearchIndexIgnoredProperties: e643bd26f0fe6173181afceb89e7c659 -> 
  custom:AudioImporter_EditorPlatform: d09bf68614088b80899f8185d706f6e7 -> 
  custom:video-encoder-webm-vp8: eb34c28f22e8b96e1ab97ce403110664 -> 
  custom:audio-decoder-ogg-vorbis: bf7c407c2cedff20999df2af8eb42d56 -> 
  custom:audio-encoder-webm-vorbis: bf7c407c2cedff20999df2af8eb42d56 -> 
========================================================================
Received Prepare
Begin MonoManager ReloadAssembly
- Loaded All Assemblies, in  0.343 seconds
Refreshing native plugins compatible for Editor in 1.78 ms, found 1 plugins.
Native extension for WindowsStandalone target not found
Native extension for iOS target not found
Native extension for OSXStandalone target not found
Native extension for WebGL target not found
Mono: successfully reloaded assembly
- Finished resetting the current domain, in  0.789 seconds
Domain Reload Profiling: 1129ms
	BeginReloadAssembly (134ms)
		ExecutionOrderSort (0ms)
		DisableScriptedObjects (8ms)
		BackupInstance (0ms)
		ReleaseScriptingObjects (0ms)
		CreateAndSetChildDomain (27ms)
	RebuildCommonClasses (25ms)
	RebuildNativeTypeToScriptingClass (9ms)
	initialDomainReloadingComplete (23ms)
	LoadAllAssembliesAndSetupDomain (147ms)
		LoadAssemblies (204ms)
		RebuildTransferFunctionScriptingTraits (0ms)
		AnalyzeDomain (11ms)
			TypeCache.Refresh (4ms)
				TypeCache.ScanAssembly (0ms)
			ScanForSourceGeneratedMonoScriptInfo (0ms)
			ResolveRequiredComponents (7ms)
	FinalizeReload (790ms)
		ReleaseScriptCaches (0ms)
		RebuildScriptCaches (0ms)
		SetupLoadedEditorAssemblies (350ms)
			LogAssemblyErrors (0ms)
			InitializePlatformSupportModulesInManaged (22ms)
			SetLoadedEditorAssemblies (3ms)
			RefreshPlugins (0ms)
			BeforeProcessingInitializeOnLoad (53ms)
			ProcessInitializeOnLoadAttributes (190ms)
			ProcessInitializeOnLoadMethodAttributes (76ms)
			AfterProcessingInitializeOnLoad (7ms)
			EditorAssembliesLoaded (0ms)
		ExecutionOrderSort2 (0ms)
		AwakeInstancesAfterBackupRestoration (19ms)
Refreshing native plugins compatible for Editor in 3.08 ms, found 1 plugins.
Preloading 0 native plugins for Editor in 0.00 ms.
Unloading 3489 Unused Serialized files (Serialized files now loaded: 0)
Unloading 31 unused Assets / (28.8 KB). Loaded Objects now: 4212.
Memory consumption went from 163.2 MB to 163.2 MB.
Total: 2.678900 ms (FindLiveObjects: 0.249800 ms CreateObjectMapping: 0.089000 ms MarkObjects: 2.298500 ms  DeleteObjects: 0.041100 ms)

Prepare: number of updated asset objects reloaded= 0
AssetImportParameters requested are different than current active one (requested -> active):
  custom:container-demuxer-ogg: 62fdf1f143b41e24485cea50d1cbac27 -> 
  custom:video-codec-MediaFoundation-h265: 746d11721c4dcdbdad8f713fa42b33f4 -> 
  custom:video-decoder-ogg-theora: a1e56fd34408186e4bbccfd4996cb3dc -> 
  custom:framework-win-MediaFoundation: 216162199b28c13a410421893ffa2e32 -> 
  custom:CustomObjectIndexerAttribute: a3ef5dd2817f97addfee359851a9dba5 -> 
  custom:container-demuxer-webm: 4f35f7cbe854078d1ac9338744f61a02 -> 
  custom:container-muxer-webm: aa71ff27fc2769a1b78a27578f13a17b -> 
  custom:video-decoder-webm-vp8: 9c59270c3fd7afecdb556c50c9e8de78 -> 
  custom:SearchIndexIgnoredProperties: e643bd26f0fe6173181afceb89e7c659 -> 
  custom:AudioImporter_EditorPlatform: d09bf68614088b80899f8185d706f6e7 -> 
  custom:video-encoder-webm-vp8: eb34c28f22e8b96e1ab97ce403110664 -> 
  custom:audio-decoder-ogg-vorbis: bf7c407c2cedff20999df2af8eb42d56 -> 
  custom:audio-encoder-webm-vorbis: bf7c407c2cedff20999df2af8eb42d56 -> 
========================================================================
Received Import Request.
  Time since last request: 1138.995195 seconds.
  path: Assets/Shapes2D/Resources/Shapes2D/1x1.png
  artifactKey: Guid(c3c34e396a46f4439925b24e67779a5d) Importer(815301076,1909f56bfc062723c751e8b465ee728b)
Start importing Assets/Shapes2D/Resources/Shapes2D/1x1.png using Guid(c3c34e396a46f4439925b24e67779a5d) Importer(815301076,1909f56bfc062723c751e8b465ee728b)  -> (artifact id: '5f5f4f09cc1c663dcac1debfd4ee5a00') in 0.096629 seconds
Number of updated asset objects reloaded before import = 0
Number of asset objects unloaded after import = 3
========================================================================
Received Import Request.
  Time since last request: 0.000020 seconds.
  path: Assets/UIAndShader-master/Readme/SimpleRoundedImage/SimpleRoundedImageDoc/7.png
  artifactKey: Guid(01c824a9f01d1415c96fff6410d71c21) Importer(815301076,1909f56bfc062723c751e8b465ee728b)
Start importing Assets/UIAndShader-master/Readme/SimpleRoundedImage/SimpleRoundedImageDoc/7.png using Guid(01c824a9f01d1415c96fff6410d71c21) Importer(815301076,1909f56bfc062723c751e8b465ee728b)  -> (artifact id: 'b918c85f57202aa9f28f196ac80d4726') in 0.022074 seconds
Number of updated asset objects reloaded before import = 0
Number of asset objects unloaded after import = 2
========================================================================
Received Import Request.
  Time since last request: 0.000018 seconds.
  path: Assets/Resources/Shapes2D Sprites/Circle (1)H2.png
  artifactKey: Guid(bbb7e038adfc3134ebdcc1e3f1c8ef40) Importer(815301076,1909f56bfc062723c751e8b465ee728b)
Start importing Assets/Resources/Shapes2D Sprites/Circle (1)H2.png using Guid(bbb7e038adfc3134ebdcc1e3f1c8ef40) Importer(815301076,1909f56bfc062723c751e8b465ee728b)  -> (artifact id: '1524ebc7ab88f05e3e5c59aea4a93adc') in 0.035510 seconds
Number of updated asset objects reloaded before import = 0
Number of asset objects unloaded after import = 3
========================================================================
Received Import Request.
  Time since last request: 0.000018 seconds.
  path: Assets/Resources/Shapes2D Sprites/A.png
  artifactKey: Guid(ae65cb0bdd9c0481a8f096200c010d69) Importer(815301076,1909f56bfc062723c751e8b465ee728b)
Start importing Assets/Resources/Shapes2D Sprites/A.png using Guid(ae65cb0bdd9c0481a8f096200c010d69) Importer(815301076,1909f56bfc062723c751e8b465ee728b)  -> (artifact id: '7f92615e414daadb579e3d89bf270614') in 0.031334 seconds
Number of updated asset objects reloaded before import = 0
Number of asset objects unloaded after import = 3
========================================================================
Received Import Request.
  Time since last request: 0.000033 seconds.
  path: Assets/Resources/Shapes2D Sprites/Battery1.png
  artifactKey: Guid(19d798f251cb84bda84828083c00b9dd) Importer(815301076,1909f56bfc062723c751e8b465ee728b)
Start importing Assets/Resources/Shapes2D Sprites/Battery1.png using Guid(19d798f251cb84bda84828083c00b9dd) Importer(815301076,1909f56bfc062723c751e8b465ee728b)  -> (artifact id: '5c529142623222a11a0d6c4ba387dfb5') in 0.024029 seconds
Number of updated asset objects reloaded before import = 0
Number of asset objects unloaded after import = 3
========================================================================
Received Import Request.
  Time since last request: 0.000016 seconds.
  path: Assets/UIAndShader-master/Readme/SimpleRoundedImage/SimpleRoundedImageDoc/5.png
  artifactKey: Guid(0a761d63bd1b0425588b571c12df0024) Importer(815301076,1909f56bfc062723c751e8b465ee728b)
Start importing Assets/UIAndShader-master/Readme/SimpleRoundedImage/SimpleRoundedImageDoc/5.png using Guid(0a761d63bd1b0425588b571c12df0024) Importer(815301076,1909f56bfc062723c751e8b465ee728b)  -> (artifact id: '09e30b82dfa7fc34282815042c232ed6') in 0.023195 seconds
Number of updated asset objects reloaded before import = 0
Number of asset objects unloaded after import = 2
========================================================================
Received Import Request.
  Time since last request: 0.000019 seconds.
  path: Assets/Resources/Shapes2D Sprites/Circle.png
  artifactKey: Guid(486195d1007e1a74eaee4911a871a12c) Importer(815301076,1909f56bfc062723c751e8b465ee728b)
Start importing Assets/Resources/Shapes2D Sprites/Circle.png using Guid(486195d1007e1a74eaee4911a871a12c) Importer(815301076,1909f56bfc062723c751e8b465ee728b)  -> (artifact id: '36352cadb93b753c3291f276ba64836f') in 0.029544 seconds
Number of updated asset objects reloaded before import = 0
Number of asset objects unloaded after import = 3
========================================================================
Received Import Request.
  Time since last request: 0.000018 seconds.
  path: Assets/Resources/Shapes2D Sprites/Circle (1)S.png
  artifactKey: Guid(801e291451a07714a8bf9eb08ab825f0) Importer(815301076,1909f56bfc062723c751e8b465ee728b)
Start importing Assets/Resources/Shapes2D Sprites/Circle (1)S.png using Guid(801e291451a07714a8bf9eb08ab825f0) Importer(815301076,1909f56bfc062723c751e8b465ee728b)  -> (artifact id: '0908d423527c5bf14f3222494174f951') in 0.017876 seconds
Number of updated asset objects reloaded before import = 0
Number of asset objects unloaded after import = 3
========================================================================
Received Import Request.
  Time since last request: 0.000014 seconds.
  path: Assets/Scenes/827d1ce0-7df2-4f8d-83dd-123f0ee5dec5.png
  artifactKey: Guid(932edc78353b94321bf7a7b92d15485d) Importer(815301076,1909f56bfc062723c751e8b465ee728b)
Start importing Assets/Scenes/827d1ce0-7df2-4f8d-83dd-123f0ee5dec5.png using Guid(932edc78353b94321bf7a7b92d15485d) Importer(815301076,1909f56bfc062723c751e8b465ee728b)  -> (artifact id: '7e1f6de893ac30b56331cbf824e64d6f') in 0.028639 seconds
Number of updated asset objects reloaded before import = 0
Number of asset objects unloaded after import = 3
========================================================================
Received Import Request.
  Time since last request: 0.000022 seconds.
  path: Assets/Resources/Shapes2D Sprites/Altitude.png
  artifactKey: Guid(358724cbc18dc854d8e6b7bd0cb1be91) Importer(815301076,1909f56bfc062723c751e8b465ee728b)
Start importing Assets/Resources/Shapes2D Sprites/Altitude.png using Guid(358724cbc18dc854d8e6b7bd0cb1be91) Importer(815301076,1909f56bfc062723c751e8b465ee728b)  -> (artifact id: '561e549c564d4f934df5206af8cc90ad') in 0.023888 seconds
Number of updated asset objects reloaded before import = 0
Number of asset objects unloaded after import = 3
========================================================================
Received Import Request.
  Time since last request: 0.000015 seconds.
  path: Assets/UIAndShader-master/Readme/SimpleRoundedImage/SimpleRoundedImageDoc/6.png
  artifactKey: Guid(7520b37862ab44bfab0841a4f114044c) Importer(815301076,1909f56bfc062723c751e8b465ee728b)
Start importing Assets/UIAndShader-master/Readme/SimpleRoundedImage/SimpleRoundedImageDoc/6.png using Guid(7520b37862ab44bfab0841a4f114044c) Importer(815301076,1909f56bfc062723c751e8b465ee728b)  -> (artifact id: '805ad74394662591f3ac02525b22d8d9') in 0.022531 seconds
Number of updated asset objects reloaded before import = 0
Number of asset objects unloaded after import = 2
========================================================================
Received Import Request.
  Time since last request: 0.000018 seconds.
  path: Assets/UIAndShader-master/Readme/SimpleRoundedImage/SimpleRoundedImageDoc/3.png
  artifactKey: Guid(5298c8285ef1f4add89b9a90a473aa0b) Importer(815301076,1909f56bfc062723c751e8b465ee728b)
Start importing Assets/UIAndShader-master/Readme/SimpleRoundedImage/SimpleRoundedImageDoc/3.png using Guid(5298c8285ef1f4add89b9a90a473aa0b) Importer(815301076,1909f56bfc062723c751e8b465ee728b)  -> (artifact id: 'ae4fd00ea056d7a3bd7a16d1aed3cbb8') in 0.012882 seconds
Number of updated asset objects reloaded before import = 0
Number of asset objects unloaded after import = 2
========================================================================
Received Import Request.
  Time since last request: 0.000026 seconds.
  path: Assets/Resources/Shapes2D Sprites/Battery2.png
  artifactKey: Guid(ae38d68cd012a45c3bfc18418b7257c6) Importer(815301076,1909f56bfc062723c751e8b465ee728b)
Start importing Assets/Resources/Shapes2D Sprites/Battery2.png using Guid(ae38d68cd012a45c3bfc18418b7257c6) Importer(815301076,1909f56bfc062723c751e8b465ee728b)  -> (artifact id: '1db48c5d245c0fa970a4291ac554b6a1') in 0.028918 seconds
Number of updated asset objects reloaded before import = 0
Number of asset objects unloaded after import = 3
========================================================================
Received Import Request.
  Time since last request: 0.000016 seconds.
  path: Assets/Resources/Shapes2D Sprites/Circle (1)B.png
  artifactKey: Guid(dd2d3b14dbc65da408cbc10d11681192) Importer(815301076,1909f56bfc062723c751e8b465ee728b)
Start importing Assets/Resources/Shapes2D Sprites/Circle (1)B.png using Guid(dd2d3b14dbc65da408cbc10d11681192) Importer(815301076,1909f56bfc062723c751e8b465ee728b)  -> (artifact id: '77c6854d9dc2d7a39d442a32604b7969') in 0.017949 seconds
Number of updated asset objects reloaded before import = 0
Number of asset objects unloaded after import = 3
========================================================================
Received Import Request.
  Time since last request: 5.503216 seconds.
  path: Assets/Resources/Shapes2D Sprites/CircleB.png
  artifactKey: Guid(93bf1cdaca399354ca5364d69bc6e762) Importer(815301076,1909f56bfc062723c751e8b465ee728b)
Start importing Assets/Resources/Shapes2D Sprites/CircleB.png using Guid(93bf1cdaca399354ca5364d69bc6e762) Importer(815301076,1909f56bfc062723c751e8b465ee728b)  -> (artifact id: '5dd8fc2f20dabff807d632df904ad2f6') in 0.028784 seconds
Number of updated asset objects reloaded before import = 0
Number of asset objects unloaded after import = 3
========================================================================
Received Import Request.
  Time since last request: 0.000023 seconds.
  path: Assets/UIAndShader-master/UIAndShader/Assets/CommonTexture/cropped-1920-1080-836311.jpg
  artifactKey: Guid(126e41d6ce22ff142ba24743e56e5f42) Importer(815301076,1909f56bfc062723c751e8b465ee728b)
Start importing Assets/UIAndShader-master/UIAndShader/Assets/CommonTexture/cropped-1920-1080-836311.jpg using Guid(126e41d6ce22ff142ba24743e56e5f42) Importer(815301076,1909f56bfc062723c751e8b465ee728b)  -> (artifact id: '3748d3a629c455bc0d0e109c52db7581') in 0.025638 seconds
Number of updated asset objects reloaded before import = 0
Number of asset objects unloaded after import = 3
========================================================================
Received Import Request.
  Time since last request: 0.000020 seconds.
  path: Assets/UIAndShader-master/UIAndShader/Assets/CommonTexture/cropped-1920-1080-879628.jpg
  artifactKey: Guid(f8822646520509d48bd0c0c88149c0c6) Importer(815301076,1909f56bfc062723c751e8b465ee728b)
Start importing Assets/UIAndShader-master/UIAndShader/Assets/CommonTexture/cropped-1920-1080-879628.jpg using Guid(f8822646520509d48bd0c0c88149c0c6) Importer(815301076,1909f56bfc062723c751e8b465ee728b)  -> (artifact id: 'cf09c2ac77d416fd4f76b52450f2c9fe') in 0.024612 seconds
Number of updated asset objects reloaded before import = 0
Number of asset objects unloaded after import = 3
========================================================================
Received Import Request.
  Time since last request: 0.000016 seconds.
  path: Assets/UIAndShader-master/UIAndShader/Assets/CommonTexture/cropped-1920-1080-880751.jpg
  artifactKey: Guid(41ce677d0f9b4e6479f4cba0b9b2d561) Importer(815301076,1909f56bfc062723c751e8b465ee728b)
Start importing Assets/UIAndShader-master/UIAndShader/Assets/CommonTexture/cropped-1920-1080-880751.jpg using Guid(41ce677d0f9b4e6479f4cba0b9b2d561) Importer(815301076,1909f56bfc062723c751e8b465ee728b)  -> (artifact id: '977f2cb14627703d6438820db5113b84') in 0.021817 seconds
Number of updated asset objects reloaded before import = 0
Number of asset objects unloaded after import = 3
========================================================================
Received Import Request.
  Time since last request: 0.000045 seconds.
  path: Assets/Materials/fonts-DSEG_v046/DSEG14-Modern-MINI/DSEG14ModernMini-Bold.ttf
  artifactKey: Guid(79e0dea073d2e42ef9707d5bfd0a862e) Importer(815301076,1909f56bfc062723c751e8b465ee728b)
Start importing Assets/Materials/fonts-DSEG_v046/DSEG14-Modern-MINI/DSEG14ModernMini-Bold.ttf using Guid(79e0dea073d2e42ef9707d5bfd0a862e) Importer(815301076,1909f56bfc062723c751e8b465ee728b)  -> (artifact id: 'bfcc05232da124f25e9500d77517948f') in 0.202882 seconds
Number of updated asset objects reloaded before import = 0
Number of asset objects unloaded after import = 23
Editor requested this worker to shutdown with reason: Scaling down because of idle timeout
TcpMessagingSession - receive error: operation aborted. errorcode: 995, details: スレッドの終了またはアプリケーションの要求によって、I/O 処理は中止されました。
AssetImportWorker is now disconnected from the server
Process exiting
Exiting without the bug reporter. Application will terminate with return code 0